# JRE version: OpenJDK Runtime Environment (8.0_111-b14) (build 1.8.0_111-8u111-b14-2ubuntu0.16.04.2-b14)
# Java VM: OpenJDK 64-Bit Server VM (25.111-b14 mixed mode linux-amd64 compressed oops)
Heap:
 PSYoungGen      total 426496K, used 24052K [0x000000076ab00000, 0x0000000788180000, 0x00000007c0000000)
  eden space 402432K, 0% used [0x000000076ab00000,0x000000076ab00000,0x0000000783400000)
  from space 24064K, 99% used [0x0000000783400000,0x0000000784b7d090,0x0000000784b80000)
  to   space 22016K, 0% used [0x0000000784b80000,0x0000000784b80000,0x0000000786100000)
 ParOldGen       total 349696K, used 20109K [0x00000006c0000000, 0x00000006d5580000, 0x000000076ab00000)
  object space 349696K, 5% used [0x00000006c0000000,0x00000006c13a37d8,0x00000006d5580000)
 Metaspace       used 44805K, capacity 45036K, committed 45312K, reserved 1087488K
  class space    used 7822K, capacity 7879K, committed 7936K, reserved 1048576K
GC Heap History (10 events):
Event: 12,405 GC heap after
Heap after GC invocations=4 (full 2):
 PSYoungGen      total 197120K, used 0K [0x000000076ab00000, 0x000000077d000000, 0x00000007c0000000)
  eden space 181760K, 0% used [0x000000076ab00000,0x000000076ab00000,0x0000000775c80000)
  from space 15360K, 0% used [0x000000077c100000,0x000000077c100000,0x000000077d000000)
  to   space 21504K, 0% used [0x000000077a600000,0x000000077a600000,0x000000077bb00000)
 ParOldGen       total 349696K, used 18637K [0x00000006c0000000, 0x00000006d5580000, 0x000000076ab00000)
  object space 349696K, 5% used [0x00000006c0000000,0x00000006c1233458,0x00000006d5580000)
 Metaspace       used 35084K, capacity 35290K, committed 35496K, reserved 1079296K
  class space    used 6289K, capacity 6340K, committed 6400K, reserved 1048576K
}
Event: 18,396 GC heap before
{Heap before GC invocations=5 (full 2):
 PSYoungGen      total 197120K, used 181760K [0x000000076ab00000, 0x000000077d000000, 0x00000007c0000000)
  eden space 181760K, 100% used [0x000000076ab00000,0x0000000775c80000,0x0000000775c80000)
  from space 15360K, 0% used [0x000000077c100000,0x000000077c100000,0x000000077d000000)
  to   space 21504K, 0% used [0x000000077a600000,0x000000077a600000,0x000000077bb00000)
 ParOldGen       total 349696K, used 18637K [0x00000006c0000000, 0x00000006d5580000, 0x000000076ab00000)
  object space 349696K, 5% used [0x00000006c0000000,0x00000006c1233458,0x00000006d5580000)
 Metaspace       used 44086K, capacity 44332K, committed 44544K, reserved 1085440K
  class space    used 7808K, capacity 7879K, committed 7936K, reserved 1048576K
Event: 18,436 GC heap after
Heap after GC invocations=5 (full 2):
 PSYoungGen      total 268288K, used 16763K [0x000000076ab00000, 0x000000077ca80000, 0x00000007c0000000)
  eden space 251392K, 0% used [0x000000076ab00000,0x000000076ab00000,0x000000077a080000)
  from space 16896K, 99% used [0x000000077a600000,0x000000077b65efa0,0x000000077b680000)
  to   space 20480K, 0% used [0x000000077b680000,0x000000077b680000,0x000000077ca80000)
 ParOldGen       total 349696K, used 18645K [0x00000006c0000000, 0x00000006d5580000, 0x000000076ab00000)
  object space 349696K, 5% used [0x00000006c0000000,0x00000006c1235458,0x00000006d5580000)
 Metaspace       used 44086K, capacity 44332K, committed 44544K, reserved 1085440K
  class space    used 7808K, capacity 7879K, committed 7936K, reserved 1048576K
}
Event: 25,360 GC heap before
{Heap before GC invocations=6 (full 2):
 PSYoungGen      total 268288K, used 268155K [0x000000076ab00000, 0x000000077ca80000, 0x00000007c0000000)
  eden space 251392K, 100% used [0x000000076ab00000,0x000000077a080000,0x000000077a080000)
  from space 16896K, 99% used [0x000000077a600000,0x000000077b65efa0,0x000000077b680000)
  to   space 20480K, 0% used [0x000000077b680000,0x000000077b680000,0x000000077ca80000)
 ParOldGen       total 349696K, used 18645K [0x00000006c0000000, 0x00000006d5580000, 0x000000076ab00000)
  object space 349696K, 5% used [0x00000006c0000000,0x00000006c1235458,0x00000006d5580000)
 Metaspace       used 44506K, capacity 44780K, committed 45056K, reserved 1087488K
  class space    used 7808K, capacity 7879K, committed 7936K, reserved 1048576K
Event: 25,423 GC heap after
Heap after GC invocations=6 (full 2):
 PSYoungGen      total 272896K, used 20112K [0x000000076ab00000, 0x0000000782a00000, 0x00000007c0000000)
  eden space 252416K, 0% used [0x000000076ab00000,0x000000076ab00000,0x000000077a180000)
  from space 20480K, 98% used [0x000000077b680000,0x000000077ca24070,0x000000077ca80000)
  to   space 21504K, 0% used [0x000000077a180000,0x000000077a180000,0x000000077b680000)
 ParOldGen       total 349696K, used 18725K [0x00000006c0000000, 0x00000006d5580000, 0x000000076ab00000)
  object space 349696K, 5% used [0x00000006c0000000,0x00000006c1249468,0x00000006d5580000)
 Metaspace       used 44506K, capacity 44780K, committed 45056K, reserved 1087488K
  class space    used 7808K, capacity 7879K, committed 7936K, reserved 1048576K
}
Event: 26,744 GC heap before
{Heap before GC invocations=7 (full 2):
 PSYoungGen      total 272896K, used 272528K [0x000000076ab00000, 0x0000000782a00000, 0x00000007c0000000)
  eden space 252416K, 100% used [0x000000076ab00000,0x000000077a180000,0x000000077a180000)
  from space 20480K, 98% used [0x000000077b680000,0x000000077ca24070,0x000000077ca80000)
  to   space 21504K, 0% used [0x000000077a180000,0x000000077a180000,0x000000077b680000)
 ParOldGen       total 349696K, used 18725K [0x00000006c0000000, 0x00000006d5580000, 0x000000076ab00000)
  object space 349696K, 5% used [0x00000006c0000000,0x00000006c1249468,0x00000006d5580000)
 Metaspace       used 44555K, capacity 44780K, committed 45056K, reserved 1087488K
  class space    used 7808K, capacity 7879K, committed 7936K, reserved 1048576K
Event: 26,821 GC heap after
Heap after GC invocations=7 (full 2):
 PSYoungGen      total 273920K, used 20592K [0x000000076ab00000, 0x0000000786100000, 0x00000007c0000000)
  eden space 252416K, 0% used [0x000000076ab00000,0x000000076ab00000,0x000000077a180000)
  from space 21504K, 95% used [0x000000077a180000,0x000000077b59c070,0x000000077b680000)
  to   space 22016K, 0% used [0x0000000784b80000,0x0000000784b80000,0x0000000786100000)
 ParOldGen       total 349696K, used 18733K [0x00000006c0000000, 0x00000006d5580000, 0x000000076ab00000)
  object space 349696K, 5% used [0x00000006c0000000,0x00000006c124b468,0x00000006d5580000)
 Metaspace       used 44555K, capacity 44780K, committed 45056K, reserved 1087488K
  class space    used 7808K, capacity 7879K, committed 7936K, reserved 1048576K
}
Event: 28,290 GC heap before
{Heap before GC invocations=8 (full 2):
 PSYoungGen      total 273920K, used 273008K [0x000000076ab00000, 0x0000000786100000, 0x00000007c0000000)
  eden space 252416K, 100% used [0x000000076ab00000,0x000000077a180000,0x000000077a180000)
  from space 21504K, 95% used [0x000000077a180000,0x000000077b59c070,0x000000077b680000)
  to   space 22016K, 0% used [0x0000000784b80000,0x0000000784b80000,0x0000000786100000)
 ParOldGen       total 349696K, used 18733K [0x00000006c0000000, 0x00000006d5580000, 0x000000076ab00000)
  object space 349696K, 5% used [0x00000006c0000000,0x00000006c124b468,0x00000006d5580000)
 Metaspace       used 44616K, capacity 44844K, committed 45056K, reserved 1087488K
  class space    used 7809K, capacity 7879K, committed 7936K, reserved 1048576K
Event: 28,407 GC heap after
Heap after GC invocations=8 (full 2):
 PSYoungGen      total 424448K, used 21984K [0x000000076ab00000, 0x0000000788180000, 0x00000007c0000000)
  eden space 402432K, 0% used [0x000000076ab00000,0x000000076ab00000,0x0000000783400000)
  from space 22016K, 99% used [0x0000000784b80000,0x00000007860f8060,0x0000000786100000)
  to   space 24064K, 0% used [0x0000000783400000,0x0000000783400000,0x0000000784b80000)
 ParOldGen       total 349696K, used 19061K [0x00000006c0000000, 0x00000006d5580000, 0x000000076ab00000)
  object space 349696K, 5% used [0x00000006c0000000,0x00000006c129d648,0x00000006d5580000)
 Metaspace       used 44616K, capacity 44844K, committed 45056K, reserved 1087488K
  class space    used 7809K, capacity 7879K, committed 7936K, reserved 1048576K
}
Event: 34,811 GC heap before
{Heap before GC invocations=9 (full 2):
 PSYoungGen      total 424448K, used 424416K [0x000000076ab00000, 0x0000000788180000, 0x00000007c0000000)
  eden space 402432K, 100% used [0x000000076ab00000,0x0000000783400000,0x0000000783400000)
  from space 22016K, 99% used [0x0000000784b80000,0x00000007860f8060,0x0000000786100000)
  to   space 24064K, 0% used [0x0000000783400000,0x0000000783400000,0x0000000784b80000)
 ParOldGen       total 349696K, used 19061K [0x00000006c0000000, 0x00000006d5580000, 0x000000076ab00000)
  object space 349696K, 5% used [0x00000006c0000000,0x00000006c129d648,0x00000006d5580000)
 Metaspace       used 44805K, capacity 45036K, committed 45312K, reserved 1087488K
  class space    used 7822K, capacity 7879K, committed 7936K, reserved 1048576K

